<?xml version="1.0" encoding="UTF-8"?>
<testsuite xmlns:xsi="http://www.w3.org/2001/XMLSchema-instance" xsi:noNamespaceSchemaLocation="https://maven.apache.org/surefire/maven-surefire-plugin/xsd/surefire-test-report.xsd" name="net.aydini.mom.util.String.StringUtilTests" time="0.026" tests="15" errors="0" skipped="0" failures="0">
  <properties>
[...]
</properties>
  <testcase name="toUpperFirstLetter_should_throw_NPE_on_null_input" classname="net.aydini.mom.util.String.StringUtilTests" time="0"/>
  <testcase name="toUpperFirstLetter_test{TestCase}[1]" classname="net.aydini.mom.util.String.StringUtilTests" time="0.002"/>
  <testcase name="toUpperFirstLetter_test{TestCase}[2]" classname="net.aydini.mom.util.String.StringUtilTests" time="0"/>
  <testcase name="toUpperFirstLetter_test{TestCase}[3]" classname="net.aydini.mom.util.String.StringUtilTests" time="0.001"/>
  <testcase name="toUpperFirstLetter_test{TestCase}[4]" classname="net.aydini.mom.util.String.StringUtilTests" time="0.002"/>
  <testcase name="toUpperFirstLetter_test{TestCase}[5]" classname="net.aydini.mom.util.String.StringUtilTests" time="0.001"/>
  <testcase name="toUpperFirstLetter_test{TestCase}[6]" classname="net.aydini.mom.util.String.StringUtilTests" time="0.001"/>
  <testcase name="toUpperFirstLetter_test{TestCase}[7]" classname="net.aydini.mom.util.String.StringUtilTests" time="0"/>
  <testcase name="toLowerFirstLetter_test{TestCase}[1]" classname="net.aydini.mom.util.String.StringUtilTests" time="0"/>
  <testcase name="toLowerFirstLetter_test{TestCase}[2]" classname="net.aydini.mom.util.String.StringUtilTests" time="0.001"/>
  <testcase name="toLowerFirstLetter_test{TestCase}[3]" classname="net.aydini.mom.util.String.StringUtilTests" time="0.001"/>
  <testcase name="toLowerFirstLetter_test{TestCase}[4]" classname="net.aydini.mom.util.String.StringUtilTests" time="0"/>
  <testcase name="toLowerFirstLetter_test{TestCase}[5]" classname="net.aydini.mom.util.String.StringUtilTests" time="0"/>
  <testcase name="toLowerFirstLetter_test{TestCase}[6]" classname="net.aydini.mom.util.String.StringUtilTests" time="0"/>
  <testcase name="toLowerFirstLetter_test{TestCase}[7]" classname="net.aydini.mom.util.String.StringUtilTests" time="0"/>
</testsuite>